[INFO] [2018-10-08 15:20:25][org.springframework.context.support.ClassPathXmlApplicationContext]Refreshing org.springframework.context.support.ClassPathXmlApplicationContext@2473b9ce: startup date [Mon Oct 08 15:20:25 CST 2018]; root of context hierarchy
[INFO] [2018-10-08 15:20:25][org.springframework.beans.factory.xml.XmlBeanDefinitionReader]Loading XML bean definitions from class path resource [applicationContext.xml]
[INFO] [2018-10-08 15:20:26][org.springframework.beans.factory.annotation.AutowiredAnnotationBeanPostProcessor]JSR-330 'javax.inject.Inject' annotation found and supported for autowiring
[WARN] [2018-10-08 15:20:26][org.springframework.context.support.ClassPathXmlApplicationContext]Exception encountered during context initialization - cancelling refresh attempt: org.springframework.beans.factory.BeanCreationException: Error creating bean with name 'org.springframework.context.event.internalEventListenerProcessor': BeanPostProcessor before instantiation of bean failed; nested exception is org.springframework.beans.factory.BeanCreationException: Error creating bean with name 'org.springframework.aop.support.DefaultBeanFactoryPointcutAdvisor#0': Cannot resolve reference to bean 'txPoint' while setting bean property 'pointcut'; nested exception is org.springframework.beans.factory.BeanCreationException: Error creating bean with name 'txPoint': Failed to introspect bean class [org.springframework.aop.aspectj.AspectJExpressionPointcut] for lookup method metadata: could not find class that it depends on; nested exception is java.lang.NoClassDefFoundError: org/aspectj/weaver/reflect/ReflectionWorld$ReflectionWorldException
[INFO] [2018-10-08 15:32:26][org.springframework.context.support.ClassPathXmlApplicationContext]Refreshing org.springframework.context.support.ClassPathXmlApplicationContext@1f1c7bf6: startup date [Mon Oct 08 15:32:26 CST 2018]; root of context hierarchy
[INFO] [2018-10-08 15:32:26][org.springframework.beans.factory.xml.XmlBeanDefinitionReader]Loading XML bean definitions from class path resource [applicationContext.xml]
[INFO] [2018-10-08 15:32:27][org.springframework.beans.factory.annotation.AutowiredAnnotationBeanPostProcessor]JSR-330 'javax.inject.Inject' annotation found and supported for autowiring
[WARN] [2018-10-08 15:32:27][org.springframework.context.support.ClassPathXmlApplicationContext]Exception encountered during context initialization - cancelling refresh attempt: org.springframework.beans.factory.BeanCreationException: Error creating bean with name 'org.springframework.context.event.internalEventListenerProcessor': BeanPostProcessor before instantiation of bean failed; nested exception is org.springframework.beans.factory.BeanCreationException: Error creating bean with name 'org.springframework.aop.support.DefaultBeanFactoryPointcutAdvisor#0': Cannot resolve reference to bean 'txPoint' while setting bean property 'pointcut'; nested exception is org.springframework.beans.factory.BeanCreationException: Error creating bean with name 'txPoint': Failed to introspect bean class [org.springframework.aop.aspectj.AspectJExpressionPointcut] for lookup method metadata: could not find class that it depends on; nested exception is java.lang.NoClassDefFoundError: org/aspectj/weaver/reflect/ReflectionWorld$ReflectionWorldException
[INFO] [2018-10-08 15:33:29][org.springframework.context.support.ClassPathXmlApplicationContext]Refreshing org.springframework.context.support.ClassPathXmlApplicationContext@2473b9ce: startup date [Mon Oct 08 15:33:29 CST 2018]; root of context hierarchy
[INFO] [2018-10-08 15:33:29][org.springframework.beans.factory.xml.XmlBeanDefinitionReader]Loading XML bean definitions from class path resource [applicationContext.xml]
[INFO] [2018-10-08 15:33:30][org.springframework.beans.factory.annotation.AutowiredAnnotationBeanPostProcessor]JSR-330 'javax.inject.Inject' annotation found and supported for autowiring
[WARN] [2018-10-08 15:33:30][org.springframework.context.support.ClassPathXmlApplicationContext]Exception encountered during context initialization - cancelling refresh attempt: org.springframework.beans.factory.BeanCreationException: Error creating bean with name 'org.springframework.context.event.internalEventListenerProcessor': BeanPostProcessor before instantiation of bean failed; nested exception is org.springframework.beans.factory.BeanCreationException: Error creating bean with name 'org.springframework.aop.support.DefaultBeanFactoryPointcutAdvisor#0': Cannot resolve reference to bean 'txPoint' while setting bean property 'pointcut'; nested exception is org.springframework.beans.factory.BeanCreationException: Error creating bean with name 'txPoint': Failed to introspect bean class [org.springframework.aop.aspectj.AspectJExpressionPointcut] for lookup method metadata: could not find class that it depends on; nested exception is java.lang.NoClassDefFoundError: org/aspectj/weaver/reflect/ReflectionWorld$ReflectionWorldException
[INFO] [2018-10-08 15:35:54][org.springframework.context.support.ClassPathXmlApplicationContext]Refreshing org.springframework.context.support.ClassPathXmlApplicationContext@2473b9ce: startup date [Mon Oct 08 15:35:54 CST 2018]; root of context hierarchy
[INFO] [2018-10-08 15:35:54][org.springframework.beans.factory.xml.XmlBeanDefinitionReader]Loading XML bean definitions from class path resource [applicationContext.xml]
[INFO] [2018-10-08 15:35:55][org.springframework.beans.factory.annotation.AutowiredAnnotationBeanPostProcessor]JSR-330 'javax.inject.Inject' annotation found and supported for autowiring
[WARN] [2018-10-08 15:35:55][org.springframework.context.support.ClassPathXmlApplicationContext]Exception encountered during context initialization - cancelling refresh attempt: org.springframework.beans.factory.BeanCreationException: Error creating bean with name 'org.springframework.context.event.internalEventListenerProcessor': BeanPostProcessor before instantiation of bean failed; nested exception is org.springframework.beans.factory.BeanCreationException: Error creating bean with name 'org.springframework.aop.support.DefaultBeanFactoryPointcutAdvisor#0': Cannot resolve reference to bean 'txPoint' while setting bean property 'pointcut'; nested exception is org.springframework.beans.factory.BeanCreationException: Error creating bean with name 'txPoint': Failed to introspect bean class [org.springframework.aop.aspectj.AspectJExpressionPointcut] for lookup method metadata: could not find class that it depends on; nested exception is java.lang.NoClassDefFoundError: org/aspectj/weaver/reflect/ReflectionWorld$ReflectionWorldException
[INFO] [2018-10-08 15:42:52][org.springframework.context.support.ClassPathXmlApplicationContext]Refreshing org.springframework.context.support.ClassPathXmlApplicationContext@dbd940d: startup date [Mon Oct 08 15:42:52 CST 2018]; root of context hierarchy
[INFO] [2018-10-08 15:42:52][org.springframework.beans.factory.xml.XmlBeanDefinitionReader]Loading XML bean definitions from class path resource [applicationContext.xml]
[INFO] [2018-10-08 15:42:52][org.springframework.beans.factory.annotation.AutowiredAnnotationBeanPostProcessor]JSR-330 'javax.inject.Inject' annotation found and supported for autowiring
[INFO] [2018-10-08 15:45:22][org.springframework.context.support.ClassPathXmlApplicationContext]Refreshing org.springframework.context.support.ClassPathXmlApplicationContext@dbd940d: startup date [Mon Oct 08 15:45:22 CST 2018]; root of context hierarchy
[INFO] [2018-10-08 15:45:22][org.springframework.beans.factory.xml.XmlBeanDefinitionReader]Loading XML bean definitions from class path resource [applicationContext.xml]
[INFO] [2018-10-08 15:45:23][org.springframework.beans.factory.annotation.AutowiredAnnotationBeanPostProcessor]JSR-330 'javax.inject.Inject' annotation found and supported for autowiring
[INFO] [2018-10-08 15:47:11][org.springframework.context.support.ClassPathXmlApplicationContext]Refreshing org.springframework.context.support.ClassPathXmlApplicationContext@dbd940d: startup date [Mon Oct 08 15:47:11 CST 2018]; root of context hierarchy
[INFO] [2018-10-08 15:47:11][org.springframework.beans.factory.xml.XmlBeanDefinitionReader]Loading XML bean definitions from class path resource [applicationContext.xml]
[INFO] [2018-10-08 15:47:11][org.springframework.beans.factory.annotation.AutowiredAnnotationBeanPostProcessor]JSR-330 'javax.inject.Inject' annotation found and supported for autowiring
[INFO] [2018-10-08 16:02:04][org.springframework.context.support.ClassPathXmlApplicationContext]Refreshing org.springframework.context.support.ClassPathXmlApplicationContext@dbd940d: startup date [Mon Oct 08 16:02:04 CST 2018]; root of context hierarchy
[INFO] [2018-10-08 16:02:04][org.springframework.beans.factory.xml.XmlBeanDefinitionReader]Loading XML bean definitions from class path resource [applicationContext.xml]
[INFO] [2018-10-08 16:02:04][org.springframework.beans.factory.annotation.AutowiredAnnotationBeanPostProcessor]JSR-330 'javax.inject.Inject' annotation found and supported for autowiring
[INFO] [2018-10-08 16:02:50][org.springframework.context.support.ClassPathXmlApplicationContext]Refreshing org.springframework.context.support.ClassPathXmlApplicationContext@dbd940d: startup date [Mon Oct 08 16:02:50 CST 2018]; root of context hierarchy
[INFO] [2018-10-08 16:02:50][org.springframework.beans.factory.xml.XmlBeanDefinitionReader]Loading XML bean definitions from class path resource [applicationContext.xml]
[INFO] [2018-10-08 16:02:51][org.springframework.beans.factory.annotation.AutowiredAnnotationBeanPostProcessor]JSR-330 'javax.inject.Inject' annotation found and supported for autowiring
[INFO] [2018-10-09 09:12:27][org.springframework.context.support.ClassPathXmlApplicationContext]Refreshing org.springframework.context.support.ClassPathXmlApplicationContext@17695df3: startup date [Tue Oct 09 09:12:27 CST 2018]; root of context hierarchy
[INFO] [2018-10-09 09:12:27][org.springframework.beans.factory.xml.XmlBeanDefinitionReader]Loading XML bean definitions from class path resource [applicationContext.xml]
[INFO] [2018-10-09 09:12:28][org.springframework.beans.factory.annotation.AutowiredAnnotationBeanPostProcessor]JSR-330 'javax.inject.Inject' annotation found and supported for autowiring
[INFO] [2018-10-09 09:12:48][org.springframework.context.support.ClassPathXmlApplicationContext]Refreshing org.springframework.context.support.ClassPathXmlApplicationContext@17695df3: startup date [Tue Oct 09 09:12:48 CST 2018]; root of context hierarchy
[INFO] [2018-10-09 09:12:48][org.springframework.beans.factory.xml.XmlBeanDefinitionReader]Loading XML bean definitions from class path resource [applicationContext.xml]
[INFO] [2018-10-09 09:12:49][org.springframework.beans.factory.annotation.AutowiredAnnotationBeanPostProcessor]JSR-330 'javax.inject.Inject' annotation found and supported for autowiring
